<?xml version="1.0" encoding="UTF-8" ?>
<testsuite failures="0" time="59.743" errors="0" skipped="0" tests="1" name="TestSuite">
  <properties>
    <property name="java.runtime.name" value="Java(TM) SE Runtime Environment"/>
    <property name="sun.boot.library.path" value="C:\Program Files (x86)\Java\jdk1.7.0_25\jre\bin"/>
    <property name="java.vm.version" value="23.25-b01"/>
    <property name="java.vm.vendor" value="Oracle Corporation"/>
    <property name="java.vendor.url" value="http://java.oracle.com/"/>
    <property name="path.separator" value=";"/>
    <property name="java.vm.name" value="Java HotSpot(TM) Client VM"/>
    <property name="file.encoding.pkg" value="sun.io"/>
    <property name="user.script" value=""/>
    <property name="user.country" value="CN"/>
    <property name="sun.java.launcher" value="SUN_STANDARD"/>
    <property name="sun.os.patch.level" value="Service Pack 1"/>
    <property name="java.vm.specification.name" value="Java Virtual Machine Specification"/>
    <property name="user.dir" value="C:\xunlei\Project\testng"/>
    <property name="java.runtime.version" value="1.7.0_25-b17"/>
    <property name="java.awt.graphicsenv" value="sun.awt.Win32GraphicsEnvironment"/>
    <property name="basedir" value="C:\xunlei\Project\testng"/>
    <property name="java.endorsed.dirs" value="C:\Program Files (x86)\Java\jdk1.7.0_25\jre\lib\endorsed"/>
    <property name="os.arch" value="x86"/>
    <property name="surefire.real.class.path" value="C:\Users\ljrky\AppData\Local\Temp\surefirebooter8700471140103913963.jar"/>
    <property name="java.io.tmpdir" value="C:\Users\ljrky\AppData\Local\Temp\"/>
    <property name="line.separator" value="
"/>
    <property name="java.vm.specification.vendor" value="Oracle Corporation"/>
    <property name="user.variant" value=""/>
    <property name="os.name" value="Windows 7"/>
    <property name="sun.jnu.encoding" value="GBK"/>
    <property name="java.library.path" value="C:\Program Files (x86)\Java\jdk1.7.0_25\jre\bin;C:\Windows\Sun\Java\bin;C:\Windows\system32;C:\Windows;C:\Program Files (x86)\AMD APP\bin\x86_64;C:\Program Files (x86)\AMD APP\bin\x86;C:\Windows\system32;C:\Windows;C:\Windows\System32\Wbem;C:\Windows\System32\WindowsPowerShell\v1.0\;C:\Program Files (x86)\ATI Technologies\ATI.ACE\Core-Static;C:\Program Files\Intel\WiFi\bin\;C:\Program Files\Common Files\Intel\WirelessCommon\;C:\Program Files (x86)\Java\jdk1.7.0_25\bin;C:\Python27;C:\maven\bin;C:\Program Files\Microsoft SQL Server\110\Tools\Binn\;C:\temp\gradle;C:\Program Files\Intel\WiFi\bin\;C:\Program Files\Common Files\Intel\WirelessCommon\;."/>
    <property name="surefire.test.class.path" value="C:\xunlei\Project\testng\target\test-classes;C:\xunlei\Project\testng\target\classes;C:\Users\ljrky\.m2\repository\org\seleniumhq\selenium\selenium-java\2.25.0\selenium-java-2.25.0.jar;C:\Users\ljrky\.m2\repository\org\seleniumhq\selenium\selenium-android-driver\2.25.0\selenium-android-driver-2.25.0.jar;C:\Users\ljrky\.m2\repository\org\seleniumhq\selenium\selenium-remote-driver\2.25.0\selenium-remote-driver-2.25.0.jar;C:\Users\ljrky\.m2\repository\cglib\cglib-nodep\2.1_3\cglib-nodep-2.1_3.jar;C:\Users\ljrky\.m2\repository\org\json\json\20080701\json-20080701.jar;C:\Users\ljrky\.m2\repository\com\google\guava\guava\12.0\guava-12.0.jar;C:\Users\ljrky\.m2\repository\com\google\code\findbugs\jsr305\1.3.9\jsr305-1.3.9.jar;C:\Users\ljrky\.m2\repository\org\seleniumhq\selenium\selenium-chrome-driver\2.25.0\selenium-chrome-driver-2.25.0.jar;C:\Users\ljrky\.m2\repository\org\seleniumhq\selenium\selenium-htmlunit-driver\2.25.0\selenium-htmlunit-driver-2.25.0.jar;C:\Users\ljrky\.m2\repository\org\seleniumhq\selenium\selenium-api\2.25.0\selenium-api-2.25.0.jar;C:\Users\ljrky\.m2\repository\net\sourceforge\htmlunit\htmlunit\2.9\htmlunit-2.9.jar;C:\Users\ljrky\.m2\repository\xalan\xalan\2.7.1\xalan-2.7.1.jar;C:\Users\ljrky\.m2\repository\xalan\serializer\2.7.1\serializer-2.7.1.jar;C:\Users\ljrky\.m2\repository\commons-collections\commons-collections\3.2.1\commons-collections-3.2.1.jar;C:\Users\ljrky\.m2\repository\commons-lang\commons-lang\2.6\commons-lang-2.6.jar;C:\Users\ljrky\.m2\repository\org\apache\httpcomponents\httpmime\4.1.2\httpmime-4.1.2.jar;C:\Users\ljrky\.m2\repository\commons-codec\commons-codec\1.4\commons-codec-1.4.jar;C:\Users\ljrky\.m2\repository\net\sourceforge\htmlunit\htmlunit-core-js\2.9\htmlunit-core-js-2.9.jar;C:\Users\ljrky\.m2\repository\xerces\xercesImpl\2.9.1\xercesImpl-2.9.1.jar;C:\Users\ljrky\.m2\repository\xml-apis\xml-apis\1.3.04\xml-apis-1.3.04.jar;C:\Users\ljrky\.m2\repository\net\sourceforge\nekohtml\nekohtml\1.9.15\nekohtml-1.9.15.jar;C:\Users\ljrky\.m2\repository\net\sourceforge\cssparser\cssparser\0.9.5\cssparser-0.9.5.jar;C:\Users\ljrky\.m2\repository\org\w3c\css\sac\1.3\sac-1.3.jar;C:\Users\ljrky\.m2\repository\commons-logging\commons-logging\1.1.1\commons-logging-1.1.1.jar;C:\Users\ljrky\.m2\repository\org\apache\httpcomponents\httpclient\4.1.2\httpclient-4.1.2.jar;C:\Users\ljrky\.m2\repository\org\apache\httpcomponents\httpcore\4.1.2\httpcore-4.1.2.jar;C:\Users\ljrky\.m2\repository\org\seleniumhq\selenium\selenium-firefox-driver\2.25.0\selenium-firefox-driver-2.25.0.jar;C:\Users\ljrky\.m2\repository\commons-io\commons-io\2.0.1\commons-io-2.0.1.jar;C:\Users\ljrky\.m2\repository\org\apache\commons\commons-exec\1.1\commons-exec-1.1.jar;C:\Users\ljrky\.m2\repository\org\seleniumhq\selenium\selenium-ie-driver\2.25.0\selenium-ie-driver-2.25.0.jar;C:\Users\ljrky\.m2\repository\net\java\dev\jna\jna\3.4.0\jna-3.4.0.jar;C:\Users\ljrky\.m2\repository\net\java\dev\jna\platform\3.4.0\platform-3.4.0.jar;C:\Users\ljrky\.m2\repository\org\seleniumhq\selenium\selenium-iphone-driver\2.25.0\selenium-iphone-driver-2.25.0.jar;C:\Users\ljrky\.m2\repository\org\seleniumhq\selenium\selenium-safari-driver\2.25.0\selenium-safari-driver-2.25.0.jar;C:\Users\ljrky\.m2\repository\org\seleniumhq\selenium\selenium-support\2.25.0\selenium-support-2.25.0.jar;C:\Users\ljrky\.m2\repository\org\webbitserver\webbit\0.4.6\webbit-0.4.6.jar;C:\Users\ljrky\.m2\repository\org\jboss\netty\netty\3.2.7.Final\netty-3.2.7.Final.jar;C:\Users\ljrky\.m2\repository\org\testng\testng\6.7\testng-6.7.jar;C:\Users\ljrky\.m2\repository\junit\junit\4.10\junit-4.10.jar;C:\Users\ljrky\.m2\repository\org\hamcrest\hamcrest-core\1.1\hamcrest-core-1.1.jar;C:\Users\ljrky\.m2\repository\org\beanshell\bsh\2.0b4\bsh-2.0b4.jar;C:\Users\ljrky\.m2\repository\com\beust\jcommander\1.12\jcommander-1.12.jar;C:\Users\ljrky\.m2\repository\org\yaml\snakeyaml\1.6\snakeyaml-1.6.jar;"/>
    <property name="java.specification.name" value="Java Platform API Specification"/>
    <property name="java.class.version" value="51.0"/>
    <property name="sun.management.compiler" value="HotSpot Client Compiler"/>
    <property name="os.version" value="6.1"/>
    <property name="user.home" value="C:\Users\ljrky"/>
    <property name="user.timezone" value="Asia/Shanghai"/>
    <property name="java.awt.printerjob" value="sun.awt.windows.WPrinterJob"/>
    <property name="java.specification.version" value="1.7"/>
    <property name="file.encoding" value="GBK"/>
    <property name="user.name" value="ljrky"/>
    <property name="java.class.path" value="C:\xunlei\Project\testng\target\test-classes;C:\xunlei\Project\testng\target\classes;C:\Users\ljrky\.m2\repository\org\seleniumhq\selenium\selenium-java\2.25.0\selenium-java-2.25.0.jar;C:\Users\ljrky\.m2\repository\org\seleniumhq\selenium\selenium-android-driver\2.25.0\selenium-android-driver-2.25.0.jar;C:\Users\ljrky\.m2\repository\org\seleniumhq\selenium\selenium-remote-driver\2.25.0\selenium-remote-driver-2.25.0.jar;C:\Users\ljrky\.m2\repository\cglib\cglib-nodep\2.1_3\cglib-nodep-2.1_3.jar;C:\Users\ljrky\.m2\repository\org\json\json\20080701\json-20080701.jar;C:\Users\ljrky\.m2\repository\com\google\guava\guava\12.0\guava-12.0.jar;C:\Users\ljrky\.m2\repository\com\google\code\findbugs\jsr305\1.3.9\jsr305-1.3.9.jar;C:\Users\ljrky\.m2\repository\org\seleniumhq\selenium\selenium-chrome-driver\2.25.0\selenium-chrome-driver-2.25.0.jar;C:\Users\ljrky\.m2\repository\org\seleniumhq\selenium\selenium-htmlunit-driver\2.25.0\selenium-htmlunit-driver-2.25.0.jar;C:\Users\ljrky\.m2\repository\org\seleniumhq\selenium\selenium-api\2.25.0\selenium-api-2.25.0.jar;C:\Users\ljrky\.m2\repository\net\sourceforge\htmlunit\htmlunit\2.9\htmlunit-2.9.jar;C:\Users\ljrky\.m2\repository\xalan\xalan\2.7.1\xalan-2.7.1.jar;C:\Users\ljrky\.m2\repository\xalan\serializer\2.7.1\serializer-2.7.1.jar;C:\Users\ljrky\.m2\repository\commons-collections\commons-collections\3.2.1\commons-collections-3.2.1.jar;C:\Users\ljrky\.m2\repository\commons-lang\commons-lang\2.6\commons-lang-2.6.jar;C:\Users\ljrky\.m2\repository\org\apache\httpcomponents\httpmime\4.1.2\httpmime-4.1.2.jar;C:\Users\ljrky\.m2\repository\commons-codec\commons-codec\1.4\commons-codec-1.4.jar;C:\Users\ljrky\.m2\repository\net\sourceforge\htmlunit\htmlunit-core-js\2.9\htmlunit-core-js-2.9.jar;C:\Users\ljrky\.m2\repository\xerces\xercesImpl\2.9.1\xercesImpl-2.9.1.jar;C:\Users\ljrky\.m2\repository\xml-apis\xml-apis\1.3.04\xml-apis-1.3.04.jar;C:\Users\ljrky\.m2\repository\net\sourceforge\nekohtml\nekohtml\1.9.15\nekohtml-1.9.15.jar;C:\Users\ljrky\.m2\repository\net\sourceforge\cssparser\cssparser\0.9.5\cssparser-0.9.5.jar;C:\Users\ljrky\.m2\repository\org\w3c\css\sac\1.3\sac-1.3.jar;C:\Users\ljrky\.m2\repository\commons-logging\commons-logging\1.1.1\commons-logging-1.1.1.jar;C:\Users\ljrky\.m2\repository\org\apache\httpcomponents\httpclient\4.1.2\httpclient-4.1.2.jar;C:\Users\ljrky\.m2\repository\org\apache\httpcomponents\httpcore\4.1.2\httpcore-4.1.2.jar;C:\Users\ljrky\.m2\repository\org\seleniumhq\selenium\selenium-firefox-driver\2.25.0\selenium-firefox-driver-2.25.0.jar;C:\Users\ljrky\.m2\repository\commons-io\commons-io\2.0.1\commons-io-2.0.1.jar;C:\Users\ljrky\.m2\repository\org\apache\commons\commons-exec\1.1\commons-exec-1.1.jar;C:\Users\ljrky\.m2\repository\org\seleniumhq\selenium\selenium-ie-driver\2.25.0\selenium-ie-driver-2.25.0.jar;C:\Users\ljrky\.m2\repository\net\java\dev\jna\jna\3.4.0\jna-3.4.0.jar;C:\Users\ljrky\.m2\repository\net\java\dev\jna\platform\3.4.0\platform-3.4.0.jar;C:\Users\ljrky\.m2\repository\org\seleniumhq\selenium\selenium-iphone-driver\2.25.0\selenium-iphone-driver-2.25.0.jar;C:\Users\ljrky\.m2\repository\org\seleniumhq\selenium\selenium-safari-driver\2.25.0\selenium-safari-driver-2.25.0.jar;C:\Users\ljrky\.m2\repository\org\seleniumhq\selenium\selenium-support\2.25.0\selenium-support-2.25.0.jar;C:\Users\ljrky\.m2\repository\org\webbitserver\webbit\0.4.6\webbit-0.4.6.jar;C:\Users\ljrky\.m2\repository\org\jboss\netty\netty\3.2.7.Final\netty-3.2.7.Final.jar;C:\Users\ljrky\.m2\repository\org\testng\testng\6.7\testng-6.7.jar;C:\Users\ljrky\.m2\repository\junit\junit\4.10\junit-4.10.jar;C:\Users\ljrky\.m2\repository\org\hamcrest\hamcrest-core\1.1\hamcrest-core-1.1.jar;C:\Users\ljrky\.m2\repository\org\beanshell\bsh\2.0b4\bsh-2.0b4.jar;C:\Users\ljrky\.m2\repository\com\beust\jcommander\1.12\jcommander-1.12.jar;C:\Users\ljrky\.m2\repository\org\yaml\snakeyaml\1.6\snakeyaml-1.6.jar;"/>
    <property name="java.vm.specification.version" value="1.7"/>
    <property name="sun.arch.data.model" value="32"/>
    <property name="java.home" value="C:\Program Files (x86)\Java\jdk1.7.0_25\jre"/>
    <property name="sun.java.command" value="C:\Users\ljrky\AppData\Local\Temp\surefirebooter8700471140103913963.jar C:\Users\ljrky\AppData\Local\Temp\surefire4661294673063960300tmp C:\Users\ljrky\AppData\Local\Temp\surefire5620315151047455425tmp"/>
    <property name="java.specification.vendor" value="Oracle Corporation"/>
    <property name="user.language" value="zh"/>
    <property name="awt.toolkit" value="sun.awt.windows.WToolkit"/>
    <property name="java.vm.info" value="mixed mode, sharing"/>
    <property name="java.version" value="1.7.0_25"/>
    <property name="java.ext.dirs" value="C:\Program Files (x86)\Java\jdk1.7.0_25\jre\lib\ext;C:\Windows\Sun\Java\lib\ext"/>
    <property name="sun.boot.class.path" value="C:\Program Files (x86)\Java\jdk1.7.0_25\jre\lib\resources.jar;C:\Program Files (x86)\Java\jdk1.7.0_25\jre\lib\rt.jar;C:\Program Files (x86)\Java\jdk1.7.0_25\jre\lib\sunrsasign.jar;C:\Program Files (x86)\Java\jdk1.7.0_25\jre\lib\jsse.jar;C:\Program Files (x86)\Java\jdk1.7.0_25\jre\lib\jce.jar;C:\Program Files (x86)\Java\jdk1.7.0_25\jre\lib\charsets.jar;C:\Program Files (x86)\Java\jdk1.7.0_25\jre\lib\jfr.jar;C:\Program Files (x86)\Java\jdk1.7.0_25\jre\classes"/>
    <property name="webdriver.chrome.driver" value="C:/xunlei/Project/testng/Driver/chromedriver.exe"/>
    <property name="java.vendor" value="Oracle Corporation"/>
    <property name="localRepository" value="C:\Users\ljrky\.m2\repository"/>
    <property name="file.separator" value="\"/>
    <property name="java.vendor.url.bug" value="http://bugreport.sun.com/bugreport/"/>
    <property name="sun.cpu.endian" value="little"/>
    <property name="sun.io.unicode.encoding" value="UnicodeLittle"/>
    <property name="sun.desktop" value="windows"/>
    <property name="sun.cpu.isalist" value="pentium_pro+mmx pentium_pro pentium+mmx pentium i486 i386 i86"/>
  </properties>
  <testcase time="24.119" classname="com.keyu.testng.HomePageTest" name="HomePage"/>
</testsuite>