<?xml version="1.0" encoding="UTF-8"?>
<!-- Generated by org.testng.reporters.JUnitReportReporter -->
<testsuite hostname="ljrky-PC" name="com.keyu.testng.HomePageTest" tests="1" failures="0" timestamp="22 Jan 2014 19:24:15 GMT" time="25.442" errors="0">
  <testcase name="HomePage" time="25.442" classname="com.keyu.testng.HomePageTest"/>
</testsuite> <!-- com.keyu.testng.HomePageTest -->
