<?xml version="1.0" encoding="UTF-8"?>
<!-- Generated by org.testng.reporters.JUnitReportReporter -->
<testsuite hostname="ljrky-PC" name="com.keyu.testng.HomePageTest" tests="1" failures="0" timestamp="22 Jan 2014 19:26:00 GMT" time="24.119" errors="0">
  <testcase name="HomePage" time="24.119" classname="com.keyu.testng.HomePageTest"/>
</testsuite> <!-- com.keyu.testng.HomePageTest -->
